1568200348451	mozrunner::runner	INFO	Running command: "/usr/bin/firefox" "-marionette" "-headless" "-foreground" "-no-remote" "-profile" "/tmp/rust_mozprofile.XnSY3Lzc3NWt"
*** You are running in headless mode.
1568200349097	addons.webextension.screenshots@mozilla.org	WARN	Loading extension 'screenshots@mozilla.org': Reading manifest: Invalid extension permission: mozillaAddons
1568200349098	addons.webextension.screenshots@mozilla.org	WARN	Loading extension 'screenshots@mozilla.org': Reading manifest: Invalid extension permission: telemetry
1568200349098	addons.webextension.screenshots@mozilla.org	WARN	Loading extension 'screenshots@mozilla.org': Reading manifest: Invalid extension permission: resource://pdf.js/
1568200349098	addons.webextension.screenshots@mozilla.org	WARN	Loading extension 'screenshots@mozilla.org': Reading manifest: Invalid extension permission: about:reader*
1568200352166	Marionette	INFO	Listening on port 36857
1568200352270	Marionette	WARN	TLS certificate errors will be ignored for this session
1568200401940	mozrunner::runner	INFO	Running command: "/usr/bin/firefox" "-marionette" "-headless" "-foreground" "-no-remote" "-profile" "/tmp/rust_mozprofile.KgrAyuMKyIy0"
*** You are running in headless mode.
1568200402528	addons.webextension.screenshots@mozilla.org	WARN	Loading extension 'screenshots@mozilla.org': Reading manifest: Invalid extension permission: mozillaAddons
1568200402529	addons.webextension.screenshots@mozilla.org	WARN	Loading extension 'screenshots@mozilla.org': Reading manifest: Invalid extension permission: telemetry
1568200402529	addons.webextension.screenshots@mozilla.org	WARN	Loading extension 'screenshots@mozilla.org': Reading manifest: Invalid extension permission: resource://pdf.js/
1568200402529	addons.webextension.screenshots@mozilla.org	WARN	Loading extension 'screenshots@mozilla.org': Reading manifest: Invalid extension permission: about:reader*
1568200405201	Marionette	INFO	Listening on port 34429
1568200405253	Marionette	WARN	TLS certificate errors will be ignored for this session
1568200418101	Marionette	INFO	Stopped listening on port 34429
1568200743089	mozrunner::runner	INFO	Running command: "/usr/bin/firefox" "-marionette" "-headless" "-foreground" "-no-remote" "-profile" "/tmp/rust_mozprofile.okL7KonyFbMG"
*** You are running in headless mode.
1568200743663	addons.webextension.screenshots@mozilla.org	WARN	Loading extension 'screenshots@mozilla.org': Reading manifest: Invalid extension permission: mozillaAddons
1568200743664	addons.webextension.screenshots@mozilla.org	WARN	Loading extension 'screenshots@mozilla.org': Reading manifest: Invalid extension permission: telemetry
1568200743664	addons.webextension.screenshots@mozilla.org	WARN	Loading extension 'screenshots@mozilla.org': Reading manifest: Invalid extension permission: resource://pdf.js/
1568200743664	addons.webextension.screenshots@mozilla.org	WARN	Loading extension 'screenshots@mozilla.org': Reading manifest: Invalid extension permission: about:reader*
1568200746330	Marionette	INFO	Listening on port 43673
1568200746403	Marionette	WARN	TLS certificate errors will be ignored for this session
1568200758839	Marionette	INFO	Stopped listening on port 43673
1568203064820	mozrunner::runner	INFO	Running command: "/usr/bin/firefox" "-marionette" "-headless" "-foreground" "-no-remote" "-profile" "/tmp/rust_mozprofile.LouEbXuASDsB"
*** You are running in headless mode.
1568203065418	addons.webextension.screenshots@mozilla.org	WARN	Loading extension 'screenshots@mozilla.org': Reading manifest: Invalid extension permission: mozillaAddons
1568203065418	addons.webextension.screenshots@mozilla.org	WARN	Loading extension 'screenshots@mozilla.org': Reading manifest: Invalid extension permission: telemetry
1568203065419	addons.webextension.screenshots@mozilla.org	WARN	Loading extension 'screenshots@mozilla.org': Reading manifest: Invalid extension permission: resource://pdf.js/
1568203065419	addons.webextension.screenshots@mozilla.org	WARN	Loading extension 'screenshots@mozilla.org': Reading manifest: Invalid extension permission: about:reader*
1568203067970	Marionette	INFO	Listening on port 44279
1568203068031	Marionette	WARN	TLS certificate errors will be ignored for this session
1568203078933	Marionette	INFO	Stopped listening on port 44279
[GFX1-]: Receive IPC close with reason=AbnormalShutdown
[GFX1-]: Receive IPC close with reason=AbnormalShutdown
Exiting due to channel error.
[Child 29009, Chrome_ChildThread] WARNING: pipe error: Broken pipe: file /build/firefox-gS7uvX/firefox-69.0+build2/ipc/chromium/src/chrome/common/ipc_channel_posix.cc, line 728
Exiting due to channel error.
Sandbox: Unexpected EOF, op 0 flags 02000000 path /usr/share/locale/locale.alias
[Child 29064, Chrome_ChildThread] WARNING: pipe error (3): Connection reset by peer: file /build/firefox-gS7uvX/firefox-69.0+build2/ipc/chromium/src/chrome/common/ipc_channel_posix.cc, line 358
Exiting due to channel error.
1568210170276	mozrunner::runner	INFO	Running command: "/usr/bin/firefox" "-marionette" "-headless" "-foreground" "-no-remote" "-profile" "/tmp/rust_mozprofile.4wWy6eiaJZb5"
*** You are running in headless mode.
1568210170867	addons.webextension.screenshots@mozilla.org	WARN	Loading extension 'screenshots@mozilla.org': Reading manifest: Invalid extension permission: mozillaAddons
1568210170867	addons.webextension.screenshots@mozilla.org	WARN	Loading extension 'screenshots@mozilla.org': Reading manifest: Invalid extension permission: telemetry
1568210170868	addons.webextension.screenshots@mozilla.org	WARN	Loading extension 'screenshots@mozilla.org': Reading manifest: Invalid extension permission: resource://pdf.js/
1568210170868	addons.webextension.screenshots@mozilla.org	WARN	Loading extension 'screenshots@mozilla.org': Reading manifest: Invalid extension permission: about:reader*
1568210173437	Marionette	INFO	Listening on port 39709
1568210173490	Marionette	WARN	TLS certificate errors will be ignored for this session
1568210262544	mozrunner::runner	INFO	Running command: "/usr/bin/firefox" "-marionette" "-headless" "-foreground" "-no-remote" "-profile" "/tmp/rust_mozprofile.8hC71x79jahE"
*** You are running in headless mode.
1568210263139	addons.webextension.screenshots@mozilla.org	WARN	Loading extension 'screenshots@mozilla.org': Reading manifest: Invalid extension permission: mozillaAddons
1568210263139	addons.webextension.screenshots@mozilla.org	WARN	Loading extension 'screenshots@mozilla.org': Reading manifest: Invalid extension permission: telemetry
1568210263140	addons.webextension.screenshots@mozilla.org	WARN	Loading extension 'screenshots@mozilla.org': Reading manifest: Invalid extension permission: resource://pdf.js/
1568210263140	addons.webextension.screenshots@mozilla.org	WARN	Loading extension 'screenshots@mozilla.org': Reading manifest: Invalid extension permission: about:reader*
1568210265781	Marionette	INFO	Listening on port 45371
1568210265855	Marionette	WARN	TLS certificate errors will be ignored for this session
1568210295884	mozrunner::runner	INFO	Running command: "/usr/bin/firefox" "-marionette" "-headless" "-foreground" "-no-remote" "-profile" "/tmp/rust_mozprofile.CbJZ4hrsl5fx"
*** You are running in headless mode.
1568210296524	addons.webextension.screenshots@mozilla.org	WARN	Loading extension 'screenshots@mozilla.org': Reading manifest: Invalid extension permission: mozillaAddons
1568210296524	addons.webextension.screenshots@mozilla.org	WARN	Loading extension 'screenshots@mozilla.org': Reading manifest: Invalid extension permission: telemetry
1568210296525	addons.webextension.screenshots@mozilla.org	WARN	Loading extension 'screenshots@mozilla.org': Reading manifest: Invalid extension permission: resource://pdf.js/
1568210296525	addons.webextension.screenshots@mozilla.org	WARN	Loading extension 'screenshots@mozilla.org': Reading manifest: Invalid extension permission: about:reader*
1568210299177	Marionette	INFO	Listening on port 35937
1568210299196	Marionette	WARN	TLS certificate errors will be ignored for this session
1568210309668	Marionette	INFO	Stopped listening on port 35937
Exiting due to channel error.
Exiting due to channel error.
Exiting due to channel error.
[GFX1-]: Receive IPC close with reason=AbnormalShutdown
[Child 11912, Chrome_ChildThread] WARNING: pipe error (3): Connection reset by peer: file /build/firefox-gS7uvX/firefox-69.0+build2/ipc/chromium/src/chrome/common/ipc_channel_posix.cc, line 358
Exiting due to channel error.
[GFX1-]: Receive IPC close with reason=AbnormalShutdown
Exiting due to channel error.
[Child 11832, Chrome_ChildThread] WARNING: pipe error (3): Connection reset by peer: file /build/firefox-gS7uvX/firefox-69.0+build2/ipc/chromium/src/chrome/common/ipc_channel_posix.cc, line 358
Exiting due to channel error.
1568301199433	mozrunner::runner	INFO	Running command: "/usr/bin/firefox" "-marionette" "-headless" "-foreground" "-no-remote" "-profile" "/tmp/rust_mozprofile.IT4CNijk79iC"
*** You are running in headless mode.
1568301200058	addons.webextension.screenshots@mozilla.org	WARN	Loading extension 'screenshots@mozilla.org': Reading manifest: Invalid extension permission: mozillaAddons
1568301200059	addons.webextension.screenshots@mozilla.org	WARN	Loading extension 'screenshots@mozilla.org': Reading manifest: Invalid extension permission: telemetry
1568301200059	addons.webextension.screenshots@mozilla.org	WARN	Loading extension 'screenshots@mozilla.org': Reading manifest: Invalid extension permission: resource://pdf.js/
1568301200060	addons.webextension.screenshots@mozilla.org	WARN	Loading extension 'screenshots@mozilla.org': Reading manifest: Invalid extension permission: about:reader*
1568301202759	Marionette	INFO	Listening on port 34435
1568301202848	Marionette	WARN	TLS certificate errors will be ignored for this session
1568301217586	Marionette	INFO	Stopped listening on port 34435
1568302261556	mozrunner::runner	INFO	Running command: "/usr/bin/firefox" "-marionette" "-foreground" "-no-remote" "-profile" "/tmp/rust_mozprofile.EDHtF5Rbnxsn"
1568302262358	addons.webextension.screenshots@mozilla.org	WARN	Loading extension 'screenshots@mozilla.org': Reading manifest: Invalid extension permission: mozillaAddons
1568302262358	addons.webextension.screenshots@mozilla.org	WARN	Loading extension 'screenshots@mozilla.org': Reading manifest: Invalid extension permission: telemetry
1568302262359	addons.webextension.screenshots@mozilla.org	WARN	Loading extension 'screenshots@mozilla.org': Reading manifest: Invalid extension permission: resource://pdf.js/
1568302262359	addons.webextension.screenshots@mozilla.org	WARN	Loading extension 'screenshots@mozilla.org': Reading manifest: Invalid extension permission: about:reader*
1568302265268	Marionette	INFO	Listening on port 40559
1568302265368	Marionette	WARN	TLS certificate errors will be ignored for this session
1568302291123	Marionette	INFO	Stopped listening on port 40559
1568302331644	mozrunner::runner	INFO	Running command: "/usr/bin/firefox" "-marionette" "-foreground" "-no-remote" "-profile" "/tmp/rust_mozprofile.dY8NuGzd3vIr"
1568302332461	addons.webextension.screenshots@mozilla.org	WARN	Loading extension 'screenshots@mozilla.org': Reading manifest: Invalid extension permission: mozillaAddons
1568302332461	addons.webextension.screenshots@mozilla.org	WARN	Loading extension 'screenshots@mozilla.org': Reading manifest: Invalid extension permission: telemetry
1568302332462	addons.webextension.screenshots@mozilla.org	WARN	Loading extension 'screenshots@mozilla.org': Reading manifest: Invalid extension permission: resource://pdf.js/
1568302332462	addons.webextension.screenshots@mozilla.org	WARN	Loading extension 'screenshots@mozilla.org': Reading manifest: Invalid extension permission: about:reader*
1568302335319	Marionette	INFO	Listening on port 36675
1568302335359	Marionette	WARN	TLS certificate errors will be ignored for this session
JavaScript error: https://googleads.g.doubleclick.net/pagead/ads?ad_block=2&client=ca-pub-6219811747049371&output=html&h=250&w=300&loeid=23820288%2C23839362%2C23835015%2C23788688%2C23744530%2C9475745%2C9471239%2C23836966%2C23841450%2C23811975%2C23842348%2C23839031%2C23808952%2C23802811%2C23837282%2C24630101%2C23843290%2C23838301%2C23841248%2C23810786%2C23841767%2C23842798%2C23838575%2C23828083%2C23837941%2C23840506%2C9477942&channel=0854550287%2BVertical_1031%2BVertical_1242%2BVertical_1285%2BVertical_1408%2BVertical_592%2BVertical_593%2BVertical_613%2Bafc_on_page%2Bafv_user_id_Lp8RBhQHu9wSsq62j_Md6A%2Bafv_user_luisfonsivevo%2Byt_bs3%2Byt_cid_10481%2Byt_gp%2Byt_mpvid_-nYUrhR0ttahuYST%2Byt_no_360%2Byt_no_ap%2Byt_no_cp%2Byt_no_wa%2Bytdevice_1%2Bytdevicever_2.20190910.04.01%2Bytel_detailpage%2Bytps_default&ad_type=image&format=300x250_as&url=http%3A%2F%2Fwww.youtube.com%2Fvideo%2FkJQP7kiw5Fk&flash=0&host=ca-yt-host-pub-4404692103537709&alternate_ad_url=https%3A%2F%2Fwww.youtube.com%2Fad_frame%3Faction%3Dauto-collapse-kevlar-companion&hl=en&video_doc_id=yt_kJQP7kiw5Fk&wgl=1&dbp=ChZoR2l0ZU5RaEpTN0ZxTktqak1fbldREAEgASgAOAI&lact=1807&yt_pt=APb3F2_VZg-L8DgMZm8VDtxwbm-2x_3yUJtMe8HAmW69n2JH36TAom2FTpGmL4WBHmjX3DwjCb_Euy6w1UPBvZuvTcLb7x5IoSoFnRrRuUVEGbEkGWEDszOJ5hTGBL2X6dLSQRiFLF3mweL1wNMbDfA1jwyvoB5cYE32Yk28OxN5qfpPeySwWGHUlBzi6m2jPDX6L6T0rlPs7I--TTBj&dt=1568302337973&bdt=1657&idt=-M&shv=r20100101&cbv=r20100101&saldr=yt&abxe=1&correlator=405172684515&frm=20&pv=2&ga_vid=340736684.1568302340&ga_sid=1568302340&ga_hid=3947661&ga_fc=0&icsg=67108863&dssz=39&mdo=0&mso=0&u_tz=120&u_his=1&u_java=0&u_h=1080&u_w=1920&u_ah=1080&u_aw=1920&u_cd=24&u_nplug=0&u_nmime=0&biw=1268&bih=865&scr_x=0&scr_y=0&loc=https%3A%2F%2Fwww.youtube.com%2Fwatch%3Fv%3DkJQP7kiw5Fk%26feature%3Dyoutu.be%26t%3D30&rx=0&brdim=1920%2C0%2C1920%2C0%2C1920%2C0%2C1280%2C939%2C1280%2C865&vis=1&pfx=0&alvm=none&fu=4096&bc=29&polymer=1, line 1: ReferenceError: buildAttribution is not defined
1568302345887	Marionette	INFO	Stopped listening on port 36675
[Parent 2887, Gecko_IOThread] WARNING: pipe error (183): Połączenie zerwane przez drugą stronę: file /build/firefox-gS7uvX/firefox-69.0+build2/ipc/chromium/src/chrome/common/ipc_channel_posix.cc, line 358

###!!! [Parent][RunMessage] Error: Channel closing: too late to send/recv, messages will be lost

1568302599501	mozrunner::runner	INFO	Running command: "/usr/bin/firefox" "-marionette" "-foreground" "-no-remote" "-profile" "/tmp/rust_mozprofile.FDslzVfMlXM2"
1568302600314	addons.webextension.screenshots@mozilla.org	WARN	Loading extension 'screenshots@mozilla.org': Reading manifest: Invalid extension permission: mozillaAddons
1568302600314	addons.webextension.screenshots@mozilla.org	WARN	Loading extension 'screenshots@mozilla.org': Reading manifest: Invalid extension permission: telemetry
1568302600315	addons.webextension.screenshots@mozilla.org	WARN	Loading extension 'screenshots@mozilla.org': Reading manifest: Invalid extension permission: resource://pdf.js/
1568302600315	addons.webextension.screenshots@mozilla.org	WARN	Loading extension 'screenshots@mozilla.org': Reading manifest: Invalid extension permission: about:reader*
1568302603484	Marionette	INFO	Listening on port 45365
1568302603529	Marionette	WARN	TLS certificate errors will be ignored for this session
1568302608635	Marionette	INFO	Stopped listening on port 45365
[RDD 3487, Chrome_ChildThread] WARNING: pipe error (23): Connection reset by peer: file /build/firefox-gS7uvX/firefox-69.0+build2/ipc/chromium/src/chrome/common/ipc_channel_posix.cc, line 358
1568302655577	mozrunner::runner	INFO	Running command: "/usr/bin/firefox" "-marionette" "-foreground" "-no-remote" "-profile" "/tmp/rust_mozprofile.SwhlKjzukdcv"
1568302656431	addons.webextension.screenshots@mozilla.org	WARN	Loading extension 'screenshots@mozilla.org': Reading manifest: Invalid extension permission: mozillaAddons
1568302656431	addons.webextension.screenshots@mozilla.org	WARN	Loading extension 'screenshots@mozilla.org': Reading manifest: Invalid extension permission: telemetry
1568302656431	addons.webextension.screenshots@mozilla.org	WARN	Loading extension 'screenshots@mozilla.org': Reading manifest: Invalid extension permission: resource://pdf.js/
1568302656432	addons.webextension.screenshots@mozilla.org	WARN	Loading extension 'screenshots@mozilla.org': Reading manifest: Invalid extension permission: about:reader*
1568302659420	Marionette	INFO	Listening on port 46541
1568302659498	Marionette	WARN	TLS certificate errors will be ignored for this session
1568302663982	Marionette	INFO	Stopped listening on port 46541
1568302740194	mozrunner::runner	INFO	Running command: "/usr/bin/firefox" "-marionette" "-foreground" "-no-remote" "-profile" "/tmp/rust_mozprofile.9AAAzIOTw3bW"
1568302740990	addons.webextension.screenshots@mozilla.org	WARN	Loading extension 'screenshots@mozilla.org': Reading manifest: Invalid extension permission: mozillaAddons
1568302740991	addons.webextension.screenshots@mozilla.org	WARN	Loading extension 'screenshots@mozilla.org': Reading manifest: Invalid extension permission: telemetry
1568302740991	addons.webextension.screenshots@mozilla.org	WARN	Loading extension 'screenshots@mozilla.org': Reading manifest: Invalid extension permission: resource://pdf.js/
1568302740992	addons.webextension.screenshots@mozilla.org	WARN	Loading extension 'screenshots@mozilla.org': Reading manifest: Invalid extension permission: about:reader*
1568302744205	Marionette	INFO	Listening on port 46107
1568302744310	Marionette	WARN	TLS certificate errors will be ignored for this session
1568302753862	Marionette	INFO	Stopped listening on port 46107
IPDL protocol error: Handler returned error code!

###!!! [Parent][DispatchAsyncMessage] Error: PLayerTransaction::Msg_ReleaseLayer Processing error: message was deserialized, but the handler returned false (indicating failure)

[Parent 3991, Gecko_IOThread] WARNING: pipe error (187): Połączenie zerwane przez drugą stronę: file /build/firefox-gS7uvX/firefox-69.0+build2/ipc/chromium/src/chrome/common/ipc_channel_posix.cc, line 358
[Parent 3991, Gecko_IOThread] WARNING: pipe error (119): Połączenie zerwane przez drugą stronę: file /build/firefox-gS7uvX/firefox-69.0+build2/ipc/chromium/src/chrome/common/ipc_channel_posix.cc, line 358
1568307724389	mozrunner::runner	INFO	Running command: "/usr/bin/firefox" "-marionette" "-foreground" "-no-remote" "-profile" "/tmp/rust_mozprofile.eaxwdNyR3ac8"
1568307725203	addons.webextension.screenshots@mozilla.org	WARN	Loading extension 'screenshots@mozilla.org': Reading manifest: Invalid extension permission: mozillaAddons
1568307725204	addons.webextension.screenshots@mozilla.org	WARN	Loading extension 'screenshots@mozilla.org': Reading manifest: Invalid extension permission: telemetry
1568307725204	addons.webextension.screenshots@mozilla.org	WARN	Loading extension 'screenshots@mozilla.org': Reading manifest: Invalid extension permission: resource://pdf.js/
1568307725204	addons.webextension.screenshots@mozilla.org	WARN	Loading extension 'screenshots@mozilla.org': Reading manifest: Invalid extension permission: about:reader*
1568307728100	Marionette	INFO	Listening on port 45305
1568307728116	Marionette	WARN	TLS certificate errors will be ignored for this session
IPDL protocol error: Handler returned error code!

###!!! [Parent][DispatchAsyncMessage] Error: PLayerTransaction::Msg_ReleaseLayer Processing error: message was deserialized, but the handler returned false (indicating failure)

IPDL protocol error: Handler returned error code!

###!!! [Parent][DispatchAsyncMessage] Error: PLayerTransaction::Msg_ReleaseLayer Processing error: message was deserialized, but the handler returned false (indicating failure)

IPDL protocol error: Handler returned error code!

###!!! [Parent][DispatchAsyncMessage] Error: PLayerTransaction::Msg_ReleaseLayer Processing error: message was deserialized, but the handler returned false (indicating failure)

IPDL protocol error: Handler returned error code!

###!!! [Parent][DispatchAsyncMessage] Error: PLayerTransaction::Msg_ReleaseLayer Processing error: message was deserialized, but the handler returned false (indicating failure)

IPDL protocol error: Handler returned error code!

###!!! [Parent][DispatchAsyncMessage] Error: PLayerTransaction::Msg_ReleaseLayer Processing error: message was deserialized, but the handler returned false (indicating failure)

IPDL protocol error: Handler returned error code!

###!!! [Parent][DispatchAsyncMessage] Error: PLayerTransaction::Msg_ReleaseLayer Processing error: message was deserialized, but the handler returned false (indicating failure)

IPDL protocol error: Handler returned error code!

###!!! [Parent][DispatchAsyncMessage] Error: PLayerTransaction::Msg_ReleaseLayer Processing error: message was deserialized, but the handler returned false (indicating failure)

IPDL protocol error: Handler returned error code!

###!!! [Parent][DispatchAsyncMessage] Error: PLayerTransaction::Msg_ReleaseLayer Processing error: message was deserialized, but the handler returned false (indicating failure)

IPDL protocol error: Handler returned error code!

###!!! [Parent][DispatchAsyncMessage] Error: PLayerTransaction::Msg_ReleaseLayer Processing error: message was deserialized, but the handler returned false (indicating failure)

IPDL protocol error: Handler returned error code!

###!!! [Parent][DispatchAsyncMessage] Error: PLayerTransaction::Msg_ReleaseLayer Processing error: message was deserialized, but the handler returned false (indicating failure)

1568307734338	Marionette	INFO	Stopped listening on port 45305
1568308197497	mozrunner::runner	INFO	Running command: "/usr/bin/firefox" "-marionette" "-foreground" "-no-remote" "-profile" "/tmp/rust_mozprofile.IgsOpTEkBVoD"
1568308198348	addons.webextension.screenshots@mozilla.org	WARN	Loading extension 'screenshots@mozilla.org': Reading manifest: Invalid extension permission: mozillaAddons
1568308198348	addons.webextension.screenshots@mozilla.org	WARN	Loading extension 'screenshots@mozilla.org': Reading manifest: Invalid extension permission: telemetry
1568308198348	addons.webextension.screenshots@mozilla.org	WARN	Loading extension 'screenshots@mozilla.org': Reading manifest: Invalid extension permission: resource://pdf.js/
1568308198349	addons.webextension.screenshots@mozilla.org	WARN	Loading extension 'screenshots@mozilla.org': Reading manifest: Invalid extension permission: about:reader*
1568308201390	Marionette	INFO	Listening on port 44779
1568308201411	Marionette	WARN	TLS certificate errors will be ignored for this session
1568308212717	Marionette	INFO	Stopped listening on port 44779
[RDD 13095, Chrome_ChildThread] WARNING: pipe error (23): Connection reset by peer: file /build/firefox-gS7uvX/firefox-69.0+build2/ipc/chromium/src/chrome/common/ipc_channel_posix.cc, line 358
1568308364157	mozrunner::runner	INFO	Running command: "/usr/bin/firefox" "-marionette" "-foreground" "-no-remote" "-profile" "/tmp/rust_mozprofile.4rfdlCuYn7rW"
1568308365003	addons.webextension.screenshots@mozilla.org	WARN	Loading extension 'screenshots@mozilla.org': Reading manifest: Invalid extension permission: mozillaAddons
1568308365004	addons.webextension.screenshots@mozilla.org	WARN	Loading extension 'screenshots@mozilla.org': Reading manifest: Invalid extension permission: telemetry
1568308365004	addons.webextension.screenshots@mozilla.org	WARN	Loading extension 'screenshots@mozilla.org': Reading manifest: Invalid extension permission: resource://pdf.js/
1568308365004	addons.webextension.screenshots@mozilla.org	WARN	Loading extension 'screenshots@mozilla.org': Reading manifest: Invalid extension permission: about:reader*
1568308367978	Marionette	INFO	Listening on port 34737
1568308368077	Marionette	WARN	TLS certificate errors will be ignored for this session
1568308377933	Marionette	INFO	Stopped listening on port 34737
1568308436296	mozrunner::runner	INFO	Running command: "/usr/bin/firefox" "-marionette" "-foreground" "-no-remote" "-profile" "/tmp/rust_mozprofile.CgTvmOw6HJPM"
1568308437121	addons.webextension.screenshots@mozilla.org	WARN	Loading extension 'screenshots@mozilla.org': Reading manifest: Invalid extension permission: mozillaAddons
1568308437121	addons.webextension.screenshots@mozilla.org	WARN	Loading extension 'screenshots@mozilla.org': Reading manifest: Invalid extension permission: telemetry
1568308437122	addons.webextension.screenshots@mozilla.org	WARN	Loading extension 'screenshots@mozilla.org': Reading manifest: Invalid extension permission: resource://pdf.js/
1568308437122	addons.webextension.screenshots@mozilla.org	WARN	Loading extension 'screenshots@mozilla.org': Reading manifest: Invalid extension permission: about:reader*
1568308440125	Marionette	INFO	Listening on port 37031
1568308440211	Marionette	WARN	TLS certificate errors will be ignored for this session
1568308449658	Marionette	INFO	Stopped listening on port 37031
IPDL protocol error: Handler returned error code!

###!!! [Parent][DispatchAsyncMessage] Error: PLayerTransaction::Msg_ReleaseLayer Processing error: message was deserialized, but the handler returned false (indicating failure)

IPDL protocol error: Handler returned error code!

###!!! [Parent][DispatchAsyncMessage] Error: PLayerTransaction::Msg_ReleaseLayer Processing error: message was deserialized, but the handler returned false (indicating failure)

[Parent 13570, Gecko_IOThread] WARNING: pipe error (183): Połączenie zerwane przez drugą stronę: file /build/firefox-gS7uvX/firefox-69.0+build2/ipc/chromium/src/chrome/common/ipc_channel_posix.cc, line 358
1568308465335	mozrunner::runner	INFO	Running command: "/usr/bin/firefox" "-marionette" "-foreground" "-no-remote" "-profile" "/tmp/rust_mozprofile.Zx69BByLs1es"
1568308466146	addons.webextension.screenshots@mozilla.org	WARN	Loading extension 'screenshots@mozilla.org': Reading manifest: Invalid extension permission: mozillaAddons
1568308466147	addons.webextension.screenshots@mozilla.org	WARN	Loading extension 'screenshots@mozilla.org': Reading manifest: Invalid extension permission: telemetry
1568308466147	addons.webextension.screenshots@mozilla.org	WARN	Loading extension 'screenshots@mozilla.org': Reading manifest: Invalid extension permission: resource://pdf.js/
1568308466147	addons.webextension.screenshots@mozilla.org	WARN	Loading extension 'screenshots@mozilla.org': Reading manifest: Invalid extension permission: about:reader*
1568308469061	Marionette	INFO	Listening on port 36757
1568308469165	Marionette	WARN	TLS certificate errors will be ignored for this session
1568308478646	Marionette	INFO	Stopped listening on port 36757
1568374257637	mozrunner::runner	INFO	Running command: "/usr/bin/firefox" "-marionette" "-headless" "-foreground" "-no-remote" "-profile" "/tmp/rust_mozprofile.YgPeag1lduu7"
*** You are running in headless mode.
1568374258239	addons.webextension.screenshots@mozilla.org	WARN	Loading extension 'screenshots@mozilla.org': Reading manifest: Invalid extension permission: mozillaAddons
1568374258239	addons.webextension.screenshots@mozilla.org	WARN	Loading extension 'screenshots@mozilla.org': Reading manifest: Invalid extension permission: telemetry
1568374258240	addons.webextension.screenshots@mozilla.org	WARN	Loading extension 'screenshots@mozilla.org': Reading manifest: Invalid extension permission: resource://pdf.js/
1568374258240	addons.webextension.screenshots@mozilla.org	WARN	Loading extension 'screenshots@mozilla.org': Reading manifest: Invalid extension permission: about:reader*
1568374260928	Marionette	INFO	Listening on port 37809
1568374260952	Marionette	WARN	TLS certificate errors will be ignored for this session
1568374670637	mozrunner::runner	INFO	Running command: "/usr/bin/firefox" "-marionette" "-foreground" "-no-remote" "-profile" "/tmp/rust_mozprofile.Z4Jfw9Z7phZ0"
1568374671698	addons.webextension.screenshots@mozilla.org	WARN	Loading extension 'screenshots@mozilla.org': Reading manifest: Invalid extension permission: mozillaAddons
1568374671698	addons.webextension.screenshots@mozilla.org	WARN	Loading extension 'screenshots@mozilla.org': Reading manifest: Invalid extension permission: telemetry
1568374671698	addons.webextension.screenshots@mozilla.org	WARN	Loading extension 'screenshots@mozilla.org': Reading manifest: Invalid extension permission: resource://pdf.js/
1568374671699	addons.webextension.screenshots@mozilla.org	WARN	Loading extension 'screenshots@mozilla.org': Reading manifest: Invalid extension permission: about:reader*
1568374674449	Marionette	INFO	Listening on port 35277
1568374674550	Marionette	WARN	TLS certificate errors will be ignored for this session
IPDL protocol error: Handler returned error code!

###!!! [Parent][DispatchAsyncMessage] Error: PLayerTransaction::Msg_ReleaseLayer Processing error: message was deserialized, but the handler returned false (indicating failure)

IPDL protocol error: Handler returned error code!

###!!! [Parent][DispatchAsyncMessage] Error: PLayerTransaction::Msg_ReleaseLayer Processing error: message was deserialized, but the handler returned false (indicating failure)

IPDL protocol error: Handler returned error code!

###!!! [Parent][DispatchAsyncMessage] Error: PLayerTransaction::Msg_ReleaseLayer Processing error: message was deserialized, but the handler returned false (indicating failure)

1568374755912	Marionette	INFO	Stopped listening on port 35277
1568374763756	mozrunner::runner	INFO	Running command: "/usr/bin/firefox" "-marionette" "-foreground" "-no-remote" "-profile" "/tmp/rust_mozprofile.UdqJM2UWPr07"
1568374764637	addons.webextension.screenshots@mozilla.org	WARN	Loading extension 'screenshots@mozilla.org': Reading manifest: Invalid extension permission: mozillaAddons
1568374764637	addons.webextension.screenshots@mozilla.org	WARN	Loading extension 'screenshots@mozilla.org': Reading manifest: Invalid extension permission: telemetry
1568374764637	addons.webextension.screenshots@mozilla.org	WARN	Loading extension 'screenshots@mozilla.org': Reading manifest: Invalid extension permission: resource://pdf.js/
1568374764638	addons.webextension.screenshots@mozilla.org	WARN	Loading extension 'screenshots@mozilla.org': Reading manifest: Invalid extension permission: about:reader*
1568374767408	Marionette	INFO	Listening on port 34129
1568374767469	Marionette	WARN	TLS certificate errors will be ignored for this session
1568374775376	Marionette	WARN	TimedPromise timed out after 500 ms: stacktrace:
bail@chrome://marionette/content/sync.js:237:64
1568374882946	mozrunner::runner	INFO	Running command: "/usr/bin/firefox" "-marionette" "-headless" "-foreground" "-no-remote" "-profile" "/tmp/rust_mozprofile.pmqVnHIrVFfn"
*** You are running in headless mode.
1568374883827	addons.webextension.screenshots@mozilla.org	WARN	Loading extension 'screenshots@mozilla.org': Reading manifest: Invalid extension permission: mozillaAddons
1568374883828	addons.webextension.screenshots@mozilla.org	WARN	Loading extension 'screenshots@mozilla.org': Reading manifest: Invalid extension permission: telemetry
1568374883829	addons.webextension.screenshots@mozilla.org	WARN	Loading extension 'screenshots@mozilla.org': Reading manifest: Invalid extension permission: resource://pdf.js/
1568374883829	addons.webextension.screenshots@mozilla.org	WARN	Loading extension 'screenshots@mozilla.org': Reading manifest: Invalid extension permission: about:reader*
1568374886598	Marionette	INFO	Listening on port 45329
1568374886666	Marionette	WARN	TLS certificate errors will be ignored for this session
[Parent 18993, Gecko_IOThread] WARNING: pipe error (73): Połączenie zerwane przez drugą stronę: file /build/firefox-gS7uvX/firefox-69.0+build2/ipc/chromium/src/chrome/common/ipc_channel_posix.cc, line 358
[Parent 18993, Gecko_IOThread] WARNING: pipe error (74): Połączenie zerwane przez drugą stronę: file /build/firefox-gS7uvX/firefox-69.0+build2/ipc/chromium/src/chrome/common/ipc_channel_posix.cc, line 358
1568374912777	Marionette	INFO	Stopped listening on port 34129
1568374934903	mozrunner::runner	INFO	Running command: "/usr/bin/firefox" "-marionette" "-foreground" "-no-remote" "-profile" "/tmp/rust_mozprofile.oLwmSvCNZcXu"
1568374935694	addons.webextension.screenshots@mozilla.org	WARN	Loading extension 'screenshots@mozilla.org': Reading manifest: Invalid extension permission: mozillaAddons
1568374935694	addons.webextension.screenshots@mozilla.org	WARN	Loading extension 'screenshots@mozilla.org': Reading manifest: Invalid extension permission: telemetry
1568374935695	addons.webextension.screenshots@mozilla.org	WARN	Loading extension 'screenshots@mozilla.org': Reading manifest: Invalid extension permission: resource://pdf.js/
1568374935695	addons.webextension.screenshots@mozilla.org	WARN	Loading extension 'screenshots@mozilla.org': Reading manifest: Invalid extension permission: about:reader*
1568374938824	Marionette	INFO	Listening on port 45309
1568374938921	Marionette	WARN	TLS certificate errors will be ignored for this session
1568374964050	Marionette	INFO	Stopped listening on port 45309
1568374967899	mozrunner::runner	INFO	Running command: "/usr/bin/firefox" "-marionette" "-foreground" "-no-remote" "-profile" "/tmp/rust_mozprofile.wTIFR0vydOFc"
1568374968709	addons.webextension.screenshots@mozilla.org	WARN	Loading extension 'screenshots@mozilla.org': Reading manifest: Invalid extension permission: mozillaAddons
1568374968709	addons.webextension.screenshots@mozilla.org	WARN	Loading extension 'screenshots@mozilla.org': Reading manifest: Invalid extension permission: telemetry
1568374968710	addons.webextension.screenshots@mozilla.org	WARN	Loading extension 'screenshots@mozilla.org': Reading manifest: Invalid extension permission: resource://pdf.js/
1568374968710	addons.webextension.screenshots@mozilla.org	WARN	Loading extension 'screenshots@mozilla.org': Reading manifest: Invalid extension permission: about:reader*
1568374971623	Marionette	INFO	Listening on port 35521
1568374971723	Marionette	WARN	TLS certificate errors will be ignored for this session
1568374976932	Marionette	WARN	TimedPromise timed out after 500 ms: stacktrace:
bail@chrome://marionette/content/sync.js:237:64
[Parent 19857, Gecko_IOThread] WARNING: pipe error (135): Połączenie zerwane przez drugą stronę: file /build/firefox-gS7uvX/firefox-69.0+build2/ipc/chromium/src/chrome/common/ipc_channel_posix.cc, line 358
1568375023417	Marionette	INFO	Stopped listening on port 35521
1568375027952	mozrunner::runner	INFO	Running command: "/usr/bin/firefox" "-marionette" "-foreground" "-no-remote" "-profile" "/tmp/rust_mozprofile.gYlPN6YPxcDi"
1568375028774	addons.webextension.screenshots@mozilla.org	WARN	Loading extension 'screenshots@mozilla.org': Reading manifest: Invalid extension permission: mozillaAddons
1568375028774	addons.webextension.screenshots@mozilla.org	WARN	Loading extension 'screenshots@mozilla.org': Reading manifest: Invalid extension permission: telemetry
1568375028775	addons.webextension.screenshots@mozilla.org	WARN	Loading extension 'screenshots@mozilla.org': Reading manifest: Invalid extension permission: resource://pdf.js/
1568375028775	addons.webextension.screenshots@mozilla.org	WARN	Loading extension 'screenshots@mozilla.org': Reading manifest: Invalid extension permission: about:reader*
1568375031605	Marionette	INFO	Listening on port 33055
1568375031669	Marionette	WARN	TLS certificate errors will be ignored for this session
[Parent 20081, Gecko_IOThread] WARNING: pipe error (73): Połączenie zerwane przez drugą stronę: file /build/firefox-gS7uvX/firefox-69.0+build2/ipc/chromium/src/chrome/common/ipc_channel_posix.cc, line 358
IPDL protocol error: Handler returned error code!

###!!! [Parent][DispatchAsyncMessage] Error: PLayerTransaction::Msg_ReleaseLayer Processing error: message was deserialized, but the handler returned false (indicating failure)

IPDL protocol error: Handler returned error code!

###!!! [Parent][DispatchAsyncMessage] Error: PLayerTransaction::Msg_ReleaseLayer Processing error: message was deserialized, but the handler returned false (indicating failure)

IPDL protocol error: Handler returned error code!

###!!! [Parent][DispatchAsyncMessage] Error: PLayerTransaction::Msg_ReleaseLayer Processing error: message was deserialized, but the handler returned false (indicating failure)

1568375345874	Marionette	INFO	Stopped listening on port 33055
1568375352194	mozrunner::runner	INFO	Running command: "/usr/bin/firefox" "-marionette" "-foreground" "-no-remote" "-profile" "/tmp/rust_mozprofile.Kl2x3DQqyITl"
1568375352978	addons.webextension.screenshots@mozilla.org	WARN	Loading extension 'screenshots@mozilla.org': Reading manifest: Invalid extension permission: mozillaAddons
1568375352978	addons.webextension.screenshots@mozilla.org	WARN	Loading extension 'screenshots@mozilla.org': Reading manifest: Invalid extension permission: telemetry
1568375352979	addons.webextension.screenshots@mozilla.org	WARN	Loading extension 'screenshots@mozilla.org': Reading manifest: Invalid extension permission: resource://pdf.js/
1568375352979	addons.webextension.screenshots@mozilla.org	WARN	Loading extension 'screenshots@mozilla.org': Reading manifest: Invalid extension permission: about:reader*
1568375355975	Marionette	INFO	Listening on port 42141
1568375356010	Marionette	WARN	TLS certificate errors will be ignored for this session
JavaScript error: https://jakdojade.pl/trojmiasto/trasa/, line 1: ReferenceError: vu is not defined

###!!! [Child][RunMessage] Error: Channel closing: too late to send/recv, messages will be lost

1568376100756	Marionette	INFO	Stopped listening on port 42141

###!!! [Parent][RunMessage] Error: Channel closing: too late to send/recv, messages will be lost

1568376105069	mozrunner::runner	INFO	Running command: "/usr/bin/firefox" "-marionette" "-foreground" "-no-remote" "-profile" "/tmp/rust_mozprofile.Ml9CYDBnYH1e"
1568376106110	addons.webextension.screenshots@mozilla.org	WARN	Loading extension 'screenshots@mozilla.org': Reading manifest: Invalid extension permission: mozillaAddons
1568376106111	addons.webextension.screenshots@mozilla.org	WARN	Loading extension 'screenshots@mozilla.org': Reading manifest: Invalid extension permission: telemetry
1568376106111	addons.webextension.screenshots@mozilla.org	WARN	Loading extension 'screenshots@mozilla.org': Reading manifest: Invalid extension permission: resource://pdf.js/
1568376106112	addons.webextension.screenshots@mozilla.org	WARN	Loading extension 'screenshots@mozilla.org': Reading manifest: Invalid extension permission: about:reader*
1568376108995	Marionette	INFO	Listening on port 46749
1568376109085	Marionette	WARN	TLS certificate errors will be ignored for this session
1568376114307	Marionette	WARN	TimedPromise timed out after 500 ms: stacktrace:
bail@chrome://marionette/content/sync.js:237:64
1568376117104	Marionette	INFO	Stopped listening on port 46749
1568376203969	mozrunner::runner	INFO	Running command: "/usr/bin/firefox" "-marionette" "-foreground" "-no-remote" "-profile" "/tmp/rust_mozprofile.oYw57HyLRUWN"
1568376204911	addons.webextension.screenshots@mozilla.org	WARN	Loading extension 'screenshots@mozilla.org': Reading manifest: Invalid extension permission: mozillaAddons
1568376204912	addons.webextension.screenshots@mozilla.org	WARN	Loading extension 'screenshots@mozilla.org': Reading manifest: Invalid extension permission: telemetry
1568376204912	addons.webextension.screenshots@mozilla.org	WARN	Loading extension 'screenshots@mozilla.org': Reading manifest: Invalid extension permission: resource://pdf.js/
1568376204912	addons.webextension.screenshots@mozilla.org	WARN	Loading extension 'screenshots@mozilla.org': Reading manifest: Invalid extension permission: about:reader*
1568376207752	Marionette	INFO	Listening on port 42679
1568376207784	Marionette	WARN	TLS certificate errors will be ignored for this session
1568376218180	Marionette	INFO	Stopped listening on port 42679
IPDL protocol error: Handler returned error code!

###!!! [Parent][DispatchAsyncMessage] Error: PLayerTransaction::Msg_ReleaseLayer Processing error: message was deserialized, but the handler returned false (indicating failure)

IPDL protocol error: Handler returned error code!

###!!! [Parent][DispatchAsyncMessage] Error: PLayerTransaction::Msg_ReleaseLayer Processing error: message was deserialized, but the handler returned false (indicating failure)

IPDL protocol error: Handler returned error code!

###!!! [Parent][DispatchAsyncMessage] Error: PLayerTransaction::Msg_ReleaseLayer Processing error: message was deserialized, but the handler returned false (indicating failure)

1568376413275	mozrunner::runner	INFO	Running command: "/usr/bin/firefox" "-marionette" "-foreground" "-no-remote" "-profile" "/tmp/rust_mozprofile.nP0S68PVvDHp"
1568376414100	addons.webextension.screenshots@mozilla.org	WARN	Loading extension 'screenshots@mozilla.org': Reading manifest: Invalid extension permission: mozillaAddons
1568376414100	addons.webextension.screenshots@mozilla.org	WARN	Loading extension 'screenshots@mozilla.org': Reading manifest: Invalid extension permission: telemetry
1568376414101	addons.webextension.screenshots@mozilla.org	WARN	Loading extension 'screenshots@mozilla.org': Reading manifest: Invalid extension permission: resource://pdf.js/
1568376414101	addons.webextension.screenshots@mozilla.org	WARN	Loading extension 'screenshots@mozilla.org': Reading manifest: Invalid extension permission: about:reader*
1568376417181	Marionette	INFO	Listening on port 43719
1568376417196	Marionette	WARN	TLS certificate errors will be ignored for this session
IPDL protocol error: Handler returned error code!

###!!! [Parent][DispatchAsyncMessage] Error: PLayerTransaction::Msg_ReleaseLayer Processing error: message was deserialized, but the handler returned false (indicating failure)

IPDL protocol error: Handler returned error code!

###!!! [Parent][DispatchAsyncMessage] Error: PLayerTransaction::Msg_ReleaseLayer Processing error: message was deserialized, but the handler returned false (indicating failure)

[Parent 22440, Gecko_IOThread] WARNING: pipe error (74): Połączenie zerwane przez drugą stronę: file /build/firefox-gS7uvX/firefox-69.0+build2/ipc/chromium/src/chrome/common/ipc_channel_posix.cc, line 358
1568376457872	Marionette	INFO	Stopped listening on port 43719
1568376462051	mozrunner::runner	INFO	Running command: "/usr/bin/firefox" "-marionette" "-foreground" "-no-remote" "-profile" "/tmp/rust_mozprofile.1z3PfPJOjioU"
1568376463060	addons.webextension.screenshots@mozilla.org	WARN	Loading extension 'screenshots@mozilla.org': Reading manifest: Invalid extension permission: mozillaAddons
1568376463061	addons.webextension.screenshots@mozilla.org	WARN	Loading extension 'screenshots@mozilla.org': Reading manifest: Invalid extension permission: telemetry
1568376463061	addons.webextension.screenshots@mozilla.org	WARN	Loading extension 'screenshots@mozilla.org': Reading manifest: Invalid extension permission: resource://pdf.js/
1568376463061	addons.webextension.screenshots@mozilla.org	WARN	Loading extension 'screenshots@mozilla.org': Reading manifest: Invalid extension permission: about:reader*
1568376466171	Marionette	INFO	Listening on port 39263
1568376466269	Marionette	WARN	TLS certificate errors will be ignored for this session
1568376473369	Marionette	WARN	TimedPromise timed out after 500 ms: stacktrace:
bail@chrome://marionette/content/sync.js:237:64
1568376475194	Marionette	WARN	TimedPromise timed out after 500 ms: stacktrace:
bail@chrome://marionette/content/sync.js:237:64
1568376501337	Marionette	INFO	Stopped listening on port 39263
1568376502561	mozrunner::runner	INFO	Running command: "/usr/bin/firefox" "-marionette" "-foreground" "-no-remote" "-profile" "/tmp/rust_mozprofile.c4o7bsdK12mt"
1568376503387	addons.webextension.screenshots@mozilla.org	WARN	Loading extension 'screenshots@mozilla.org': Reading manifest: Invalid extension permission: mozillaAddons
1568376503388	addons.webextension.screenshots@mozilla.org	WARN	Loading extension 'screenshots@mozilla.org': Reading manifest: Invalid extension permission: telemetry
1568376503388	addons.webextension.screenshots@mozilla.org	WARN	Loading extension 'screenshots@mozilla.org': Reading manifest: Invalid extension permission: resource://pdf.js/
1568376503388	addons.webextension.screenshots@mozilla.org	WARN	Loading extension 'screenshots@mozilla.org': Reading manifest: Invalid extension permission: about:reader*
1568376506177	Marionette	INFO	Listening on port 46027
1568376506279	Marionette	WARN	TLS certificate errors will be ignored for this session
IPDL protocol error: Handler returned error code!

###!!! [Parent][DispatchAsyncMessage] Error: PLayerTransaction::Msg_ReleaseLayer Processing error: message was deserialized, but the handler returned false (indicating failure)

IPDL protocol error: Handler returned error code!

###!!! [Parent][DispatchAsyncMessage] Error: PLayerTransaction::Msg_ReleaseLayer Processing error: message was deserialized, but the handler returned false (indicating failure)

1568376527337	Marionette	INFO	Stopped listening on port 46027
1568377037536	mozrunner::runner	INFO	Running command: "/usr/bin/firefox" "-marionette" "-foreground" "-no-remote" "-profile" "/tmp/rust_mozprofile.f8dWrOV7vVWV"
1568377038450	addons.webextension.screenshots@mozilla.org	WARN	Loading extension 'screenshots@mozilla.org': Reading manifest: Invalid extension permission: mozillaAddons
1568377038451	addons.webextension.screenshots@mozilla.org	WARN	Loading extension 'screenshots@mozilla.org': Reading manifest: Invalid extension permission: telemetry
1568377038451	addons.webextension.screenshots@mozilla.org	WARN	Loading extension 'screenshots@mozilla.org': Reading manifest: Invalid extension permission: resource://pdf.js/
1568377038451	addons.webextension.screenshots@mozilla.org	WARN	Loading extension 'screenshots@mozilla.org': Reading manifest: Invalid extension permission: about:reader*
1568377041295	Marionette	INFO	Listening on port 40087
1568377041356	Marionette	WARN	TLS certificate errors will be ignored for this session
[GFX1-]: Receive IPC close with reason=AbnormalShutdown
[Child 23776, Chrome_ChildThread] WARNING: pipe error (3): Połączenie zerwane przez drugą stronę: file /build/firefox-gS7uvX/firefox-69.0+build2/ipc/chromium/src/chrome/common/ipc_channel_posix.cc, line 358
Exiting due to channel error.
Exiting due to channel error.
Exiting due to channel error.
Exiting due to channel error.
Exiting due to channel error.
[GFX1-]: Receive IPC close with reason=AbnormalShutdown
Exiting due to channel error.
[GFX1-]: Receive IPC close with reason=AbnormalShutdown
[Child 18267, Chrome_ChildThread] WARNING: pipe error (3): Connection reset by peer: file /build/firefox-gS7uvX/firefox-69.0+build2/ipc/chromium/src/chrome/common/ipc_channel_posix.cc, line 358
Exiting due to channel error.
Exiting due to channel error.
Exiting due to channel error.
1568377223876	mozrunner::runner	INFO	Running command: "/usr/bin/firefox" "-marionette" "-foreground" "-no-remote" "-profile" "/tmp/rust_mozprofile.oibtODYkduJj"
1568377225025	addons.webextension.screenshots@mozilla.org	WARN	Loading extension 'screenshots@mozilla.org': Reading manifest: Invalid extension permission: mozillaAddons
1568377225025	addons.webextension.screenshots@mozilla.org	WARN	Loading extension 'screenshots@mozilla.org': Reading manifest: Invalid extension permission: telemetry
1568377225026	addons.webextension.screenshots@mozilla.org	WARN	Loading extension 'screenshots@mozilla.org': Reading manifest: Invalid extension permission: resource://pdf.js/
1568377225026	addons.webextension.screenshots@mozilla.org	WARN	Loading extension 'screenshots@mozilla.org': Reading manifest: Invalid extension permission: about:reader*
1568377227969	Marionette	INFO	Listening on port 45927
1568377227996	Marionette	WARN	TLS certificate errors will be ignored for this session
Exiting due to channel error.
Exiting due to channel error.
Exiting due to channel error.
1568377308571	mozrunner::runner	INFO	Running command: "/usr/bin/firefox" "-marionette" "-foreground" "-no-remote" "-profile" "/tmp/rust_mozprofile.2cQp4LsSh2Ca"
1568377309529	addons.webextension.screenshots@mozilla.org	WARN	Loading extension 'screenshots@mozilla.org': Reading manifest: Invalid extension permission: mozillaAddons
1568377309529	addons.webextension.screenshots@mozilla.org	WARN	Loading extension 'screenshots@mozilla.org': Reading manifest: Invalid extension permission: telemetry
1568377309530	addons.webextension.screenshots@mozilla.org	WARN	Loading extension 'screenshots@mozilla.org': Reading manifest: Invalid extension permission: resource://pdf.js/
1568377309530	addons.webextension.screenshots@mozilla.org	WARN	Loading extension 'screenshots@mozilla.org': Reading manifest: Invalid extension permission: about:reader*
1568377312360	Marionette	INFO	Listening on port 34433
1568377312385	Marionette	WARN	TLS certificate errors will be ignored for this session
[GFX1-]: Receive IPC close with reason=AbnormalShutdown
[Child 26371, Chrome_ChildThread] WARNING: pipe error (3): Połączenie zerwane przez drugą stronę: file /build/firefox-gS7uvX/firefox-69.0+build2/ipc/chromium/src/chrome/common/ipc_channel_posix.cc, line 358
Exiting due to channel error.
Exiting due to channel error.
[GFX1-]: Receive IPC close with reason=AbnormalShutdown
[Child 26288, Chrome_ChildThread] WARNING: pipe error (3): Połączenie zerwane przez drugą stronę: file /build/firefox-gS7uvX/firefox-69.0+build2/ipc/chromium/src/chrome/common/ipc_channel_posix.cc, line 358
Exiting due to channel error.
1568377423277	mozrunner::runner	INFO	Running command: "/usr/bin/firefox" "-marionette" "-foreground" "-no-remote" "-profile" "/tmp/rust_mozprofile.ZuA6pNDIWQkp"
1568377424244	addons.webextension.screenshots@mozilla.org	WARN	Loading extension 'screenshots@mozilla.org': Reading manifest: Invalid extension permission: mozillaAddons
1568377424244	addons.webextension.screenshots@mozilla.org	WARN	Loading extension 'screenshots@mozilla.org': Reading manifest: Invalid extension permission: telemetry
1568377424245	addons.webextension.screenshots@mozilla.org	WARN	Loading extension 'screenshots@mozilla.org': Reading manifest: Invalid extension permission: resource://pdf.js/
1568377424245	addons.webextension.screenshots@mozilla.org	WARN	Loading extension 'screenshots@mozilla.org': Reading manifest: Invalid extension permission: about:reader*
1568377427458	Marionette	INFO	Listening on port 46743
1568377427497	Marionette	WARN	TLS certificate errors will be ignored for this session
[Parent 27598, Gecko_IOThread] WARNING: pipe error (73): Połączenie zerwane przez drugą stronę: file /build/firefox-gS7uvX/firefox-69.0+build2/ipc/chromium/src/chrome/common/ipc_channel_posix.cc, line 358
[Parent 27598, Gecko_IOThread] WARNING: pipe error (74): Połączenie zerwane przez drugą stronę: file /build/firefox-gS7uvX/firefox-69.0+build2/ipc/chromium/src/chrome/common/ipc_channel_posix.cc, line 358
1568377607051	Marionette	INFO	Stopped listening on port 46743
1568377611570	mozrunner::runner	INFO	Running command: "/usr/bin/firefox" "-marionette" "-foreground" "-no-remote" "-profile" "/tmp/rust_mozprofile.Pbrsuj1orBFI"
1568377612650	addons.webextension.screenshots@mozilla.org	WARN	Loading extension 'screenshots@mozilla.org': Reading manifest: Invalid extension permission: mozillaAddons
1568377612651	addons.webextension.screenshots@mozilla.org	WARN	Loading extension 'screenshots@mozilla.org': Reading manifest: Invalid extension permission: telemetry
1568377612651	addons.webextension.screenshots@mozilla.org	WARN	Loading extension 'screenshots@mozilla.org': Reading manifest: Invalid extension permission: resource://pdf.js/
1568377612651	addons.webextension.screenshots@mozilla.org	WARN	Loading extension 'screenshots@mozilla.org': Reading manifest: Invalid extension permission: about:reader*
1568377615491	Marionette	INFO	Listening on port 43937
1568377615586	Marionette	WARN	TLS certificate errors will be ignored for this session
[Parent 27929, Gecko_IOThread] WARNING: pipe error (117): Połączenie zerwane przez drugą stronę: file /build/firefox-gS7uvX/firefox-69.0+build2/ipc/chromium/src/chrome/common/ipc_channel_posix.cc, line 358
1568377628985	Marionette	INFO	Stopped listening on port 43937
1568377634448	mozrunner::runner	INFO	Running command: "/usr/bin/firefox" "-marionette" "-foreground" "-no-remote" "-profile" "/tmp/rust_mozprofile.r5zQejyECbmE"
1568377635652	addons.webextension.screenshots@mozilla.org	WARN	Loading extension 'screenshots@mozilla.org': Reading manifest: Invalid extension permission: mozillaAddons
1568377635652	addons.webextension.screenshots@mozilla.org	WARN	Loading extension 'screenshots@mozilla.org': Reading manifest: Invalid extension permission: telemetry
1568377635653	addons.webextension.screenshots@mozilla.org	WARN	Loading extension 'screenshots@mozilla.org': Reading manifest: Invalid extension permission: resource://pdf.js/
1568377635653	addons.webextension.screenshots@mozilla.org	WARN	Loading extension 'screenshots@mozilla.org': Reading manifest: Invalid extension permission: about:reader*
1568377638934	Marionette	INFO	Listening on port 45331
1568377638966	Marionette	WARN	TLS certificate errors will be ignored for this session
1568377655324	Marionette	INFO	Stopped listening on port 45331
IPDL protocol error: Handler returned error code!

###!!! [Parent][DispatchAsyncMessage] Error: PLayerTransaction::Msg_ReleaseLayer Processing error: message was deserialized, but the handler returned false (indicating failure)

IPDL protocol error: Handler returned error code!

###!!! [Parent][DispatchAsyncMessage] Error: PLayerTransaction::Msg_ReleaseLayer Processing error: message was deserialized, but the handler returned false (indicating failure)

IPDL protocol error: Handler returned error code!

###!!! [Parent][DispatchAsyncMessage] Error: PLayerTransaction::Msg_ReleaseLayer Processing error: message was deserialized, but the handler returned false (indicating failure)

IPDL protocol error: Handler returned error code!

###!!! [Parent][DispatchAsyncMessage] Error: PLayerTransaction::Msg_ReleaseLayer Processing error: message was deserialized, but the handler returned false (indicating failure)

IPDL protocol error: Handler returned error code!

###!!! [Parent][DispatchAsyncMessage] Error: PLayerTransaction::Msg_ReleaseLayer Processing error: message was deserialized, but the handler returned false (indicating failure)

1568377710620	mozrunner::runner	INFO	Running command: "/usr/bin/firefox" "-marionette" "-foreground" "-no-remote" "-profile" "/tmp/rust_mozprofile.CZEFpN2UOcWc"
1568377711417	addons.webextension.screenshots@mozilla.org	WARN	Loading extension 'screenshots@mozilla.org': Reading manifest: Invalid extension permission: mozillaAddons
1568377711417	addons.webextension.screenshots@mozilla.org	WARN	Loading extension 'screenshots@mozilla.org': Reading manifest: Invalid extension permission: telemetry
1568377711418	addons.webextension.screenshots@mozilla.org	WARN	Loading extension 'screenshots@mozilla.org': Reading manifest: Invalid extension permission: resource://pdf.js/
1568377711418	addons.webextension.screenshots@mozilla.org	WARN	Loading extension 'screenshots@mozilla.org': Reading manifest: Invalid extension permission: about:reader*
1568377714348	Marionette	INFO	Listening on port 39973
1568377714455	Marionette	WARN	TLS certificate errors will be ignored for this session
1568377759033	Marionette	INFO	Stopped listening on port 39973
1568377763626	mozrunner::runner	INFO	Running command: "/usr/bin/firefox" "-marionette" "-foreground" "-no-remote" "-profile" "/tmp/rust_mozprofile.29qEFT8MvRjr"
1568377764576	addons.webextension.screenshots@mozilla.org	WARN	Loading extension 'screenshots@mozilla.org': Reading manifest: Invalid extension permission: mozillaAddons
1568377764577	addons.webextension.screenshots@mozilla.org	WARN	Loading extension 'screenshots@mozilla.org': Reading manifest: Invalid extension permission: telemetry
1568377764578	addons.webextension.screenshots@mozilla.org	WARN	Loading extension 'screenshots@mozilla.org': Reading manifest: Invalid extension permission: resource://pdf.js/
1568377764578	addons.webextension.screenshots@mozilla.org	WARN	Loading extension 'screenshots@mozilla.org': Reading manifest: Invalid extension permission: about:reader*
1568377767393	Marionette	INFO	Listening on port 46727
1568377767442	Marionette	WARN	TLS certificate errors will be ignored for this session
1568377805684	Marionette	INFO	Stopped listening on port 46727
1568377814547	mozrunner::runner	INFO	Running command: "/usr/bin/firefox" "-marionette" "-foreground" "-no-remote" "-profile" "/tmp/rust_mozprofile.TWXoAgpChmmM"
1568377815686	addons.webextension.screenshots@mozilla.org	WARN	Loading extension 'screenshots@mozilla.org': Reading manifest: Invalid extension permission: mozillaAddons
1568377815686	addons.webextension.screenshots@mozilla.org	WARN	Loading extension 'screenshots@mozilla.org': Reading manifest: Invalid extension permission: telemetry
1568377815687	addons.webextension.screenshots@mozilla.org	WARN	Loading extension 'screenshots@mozilla.org': Reading manifest: Invalid extension permission: resource://pdf.js/
1568377815687	addons.webextension.screenshots@mozilla.org	WARN	Loading extension 'screenshots@mozilla.org': Reading manifest: Invalid extension permission: about:reader*
1568377818844	Marionette	INFO	Listening on port 42577
1568377818871	Marionette	WARN	TLS certificate errors will be ignored for this session
[Parent 28906, Gecko_IOThread] WARNING: pipe error (73): Połączenie zerwane przez drugą stronę: file /build/firefox-gS7uvX/firefox-69.0+build2/ipc/chromium/src/chrome/common/ipc_channel_posix.cc, line 358
1568377892539	Marionette	INFO	Stopped listening on port 42577
1568377905963	mozrunner::runner	INFO	Running command: "/usr/bin/firefox" "-marionette" "-foreground" "-no-remote" "-profile" "/tmp/rust_mozprofile.e6qKVRZ0UUfa"
1568377907051	addons.webextension.screenshots@mozilla.org	WARN	Loading extension 'screenshots@mozilla.org': Reading manifest: Invalid extension permission: mozillaAddons
1568377907051	addons.webextension.screenshots@mozilla.org	WARN	Loading extension 'screenshots@mozilla.org': Reading manifest: Invalid extension permission: telemetry
1568377907051	addons.webextension.screenshots@mozilla.org	WARN	Loading extension 'screenshots@mozilla.org': Reading manifest: Invalid extension permission: resource://pdf.js/
1568377907052	addons.webextension.screenshots@mozilla.org	WARN	Loading extension 'screenshots@mozilla.org': Reading manifest: Invalid extension permission: about:reader*
1568377909943	Marionette	INFO	Listening on port 43619
1568377909979	Marionette	WARN	TLS certificate errors will be ignored for this session
1568377946553	Marionette	INFO	Stopped listening on port 43619
1568377947176	mozrunner::runner	INFO	Running command: "/usr/bin/firefox" "-marionette" "-foreground" "-no-remote" "-profile" "/tmp/rust_mozprofile.jRD8qhTUnmDD"
1568377948311	addons.webextension.screenshots@mozilla.org	WARN	Loading extension 'screenshots@mozilla.org': Reading manifest: Invalid extension permission: mozillaAddons
1568377948311	addons.webextension.screenshots@mozilla.org	WARN	Loading extension 'screenshots@mozilla.org': Reading manifest: Invalid extension permission: telemetry
1568377948312	addons.webextension.screenshots@mozilla.org	WARN	Loading extension 'screenshots@mozilla.org': Reading manifest: Invalid extension permission: resource://pdf.js/
1568377948312	addons.webextension.screenshots@mozilla.org	WARN	Loading extension 'screenshots@mozilla.org': Reading manifest: Invalid extension permission: about:reader*
1568377951349	Marionette	INFO	Listening on port 45235
1568377951390	Marionette	WARN	TLS certificate errors will be ignored for this session
1568377968137	Marionette	INFO	Stopped listening on port 45235
1568377987128	mozrunner::runner	INFO	Running command: "/usr/bin/firefox" "-marionette" "-foreground" "-no-remote" "-profile" "/tmp/rust_mozprofile.QnM3ViqoNaQC"
1568377988092	addons.webextension.screenshots@mozilla.org	WARN	Loading extension 'screenshots@mozilla.org': Reading manifest: Invalid extension permission: mozillaAddons
1568377988092	addons.webextension.screenshots@mozilla.org	WARN	Loading extension 'screenshots@mozilla.org': Reading manifest: Invalid extension permission: telemetry
1568377988093	addons.webextension.screenshots@mozilla.org	WARN	Loading extension 'screenshots@mozilla.org': Reading manifest: Invalid extension permission: resource://pdf.js/
1568377988093	addons.webextension.screenshots@mozilla.org	WARN	Loading extension 'screenshots@mozilla.org': Reading manifest: Invalid extension permission: about:reader*
1568377991025	Marionette	INFO	Listening on port 35669
1568377991049	Marionette	WARN	TLS certificate errors will be ignored for this session
1568378005711	Marionette	INFO	Stopped listening on port 35669
1568378099326	mozrunner::runner	INFO	Running command: "/usr/bin/firefox" "-marionette" "-headless" "-foreground" "-no-remote" "-profile" "/tmp/rust_mozprofile.9QSsgu4nbXTZ"
*** You are running in headless mode.
1568378099932	addons.webextension.screenshots@mozilla.org	WARN	Loading extension 'screenshots@mozilla.org': Reading manifest: Invalid extension permission: mozillaAddons
1568378099932	addons.webextension.screenshots@mozilla.org	WARN	Loading extension 'screenshots@mozilla.org': Reading manifest: Invalid extension permission: telemetry
1568378099933	addons.webextension.screenshots@mozilla.org	WARN	Loading extension 'screenshots@mozilla.org': Reading manifest: Invalid extension permission: resource://pdf.js/
1568378099933	addons.webextension.screenshots@mozilla.org	WARN	Loading extension 'screenshots@mozilla.org': Reading manifest: Invalid extension permission: about:reader*
1568378102572	Marionette	INFO	Listening on port 38361
1568378102643	Marionette	WARN	TLS certificate errors will be ignored for this session
1568378118468	Marionette	INFO	Stopped listening on port 38361
JavaScript error: https://jakdojade.pl/polyfills.c7d9f5807dc300922eaa.js, line 1: NS_ERROR_NOT_INITIALIZED: 

###!!! [Child][RunMessage] Error: Channel closing: too late to send/recv, messages will be lost

1568379018675	mozrunner::runner	INFO	Running command: "/usr/bin/firefox" "-marionette" "-headless" "-foreground" "-no-remote" "-profile" "/tmp/rust_mozprofile.gZJsIp3LZAxJ"
*** You are running in headless mode.
1568379019464	addons.webextension.screenshots@mozilla.org	WARN	Loading extension 'screenshots@mozilla.org': Reading manifest: Invalid extension permission: mozillaAddons
1568379019464	addons.webextension.screenshots@mozilla.org	WARN	Loading extension 'screenshots@mozilla.org': Reading manifest: Invalid extension permission: telemetry
1568379019465	addons.webextension.screenshots@mozilla.org	WARN	Loading extension 'screenshots@mozilla.org': Reading manifest: Invalid extension permission: resource://pdf.js/
1568379019465	addons.webextension.screenshots@mozilla.org	WARN	Loading extension 'screenshots@mozilla.org': Reading manifest: Invalid extension permission: about:reader*
1568379022536	Marionette	INFO	Listening on port 41591
1568379022600	Marionette	WARN	TLS certificate errors will be ignored for this session
1568379045528	Marionette	INFO	Stopped listening on port 41591
JavaScript error: https://jakdojade.pl/polyfills.c7d9f5807dc300922eaa.js, line 1: NS_ERROR_NOT_INITIALIZED: 
1568379844731	mozrunner::runner	INFO	Running command: "/usr/bin/firefox" "-marionette" "-headless" "-foreground" "-no-remote" "-profile" "/tmp/rust_mozprofile.WnkIeq2cycA1"
*** You are running in headless mode.
1568379845309	addons.webextension.screenshots@mozilla.org	WARN	Loading extension 'screenshots@mozilla.org': Reading manifest: Invalid extension permission: mozillaAddons
1568379845310	addons.webextension.screenshots@mozilla.org	WARN	Loading extension 'screenshots@mozilla.org': Reading manifest: Invalid extension permission: telemetry
1568379845310	addons.webextension.screenshots@mozilla.org	WARN	Loading extension 'screenshots@mozilla.org': Reading manifest: Invalid extension permission: resource://pdf.js/
1568379845310	addons.webextension.screenshots@mozilla.org	WARN	Loading extension 'screenshots@mozilla.org': Reading manifest: Invalid extension permission: about:reader*
1568379847968	Marionette	INFO	Listening on port 36083
1568379848044	Marionette	WARN	TLS certificate errors will be ignored for this session
1568379856598	Marionette	INFO	Stopped listening on port 36083
1568617922471	mozrunner::runner	INFO	Running command: "/usr/bin/firefox" "-marionette" "-headless" "-foreground" "-no-remote" "-profile" "/tmp/rust_mozprofile.oa22KlhfwKPQ"
*** You are running in headless mode.
1568617923254	addons.webextension.screenshots@mozilla.org	WARN	Loading extension 'screenshots@mozilla.org': Reading manifest: Invalid extension permission: mozillaAddons
1568617923255	addons.webextension.screenshots@mozilla.org	WARN	Loading extension 'screenshots@mozilla.org': Reading manifest: Invalid extension permission: telemetry
1568617923255	addons.webextension.screenshots@mozilla.org	WARN	Loading extension 'screenshots@mozilla.org': Reading manifest: Invalid extension permission: resource://pdf.js/
1568617923256	addons.webextension.screenshots@mozilla.org	WARN	Loading extension 'screenshots@mozilla.org': Reading manifest: Invalid extension permission: about:reader*
1568617926483	Marionette	INFO	Listening on port 37347
1568617926589	Marionette	WARN	TLS certificate errors will be ignored for this session
1568617943545	Marionette	INFO	Stopped listening on port 37347
1568988686300	mozrunner::runner	INFO	Running command: "/usr/bin/firefox" "-marionette" "-headless" "-foreground" "-no-remote" "-profile" "/tmp/rust_mozprofile.wyNcEPa49mKH"
*** You are running in headless mode.
1568988687114	addons.webextension.screenshots@mozilla.org	WARN	Loading extension 'screenshots@mozilla.org': Reading manifest: Invalid extension permission: mozillaAddons
1568988687114	addons.webextension.screenshots@mozilla.org	WARN	Loading extension 'screenshots@mozilla.org': Reading manifest: Invalid extension permission: telemetry
1568988687115	addons.webextension.screenshots@mozilla.org	WARN	Loading extension 'screenshots@mozilla.org': Reading manifest: Invalid extension permission: resource://pdf.js/
1568988687115	addons.webextension.screenshots@mozilla.org	WARN	Loading extension 'screenshots@mozilla.org': Reading manifest: Invalid extension permission: about:reader*
1568988689859	Marionette	INFO	Listening on port 44119
1568988689913	Marionette	WARN	TLS certificate errors will be ignored for this session
1568988705785	Marionette	INFO	Stopped listening on port 44119
JavaScript error: https://jakdojade.pl/polyfills.c7d9f5807dc300922eaa.js, line 1: NS_ERROR_NOT_INITIALIZED: 

###!!! [Child][MessageChannel] Error: (msgtype=0x610027,name=PNecko::Msg_RemoveRequestContext) Channel closing: too late to send/recv, messages will be lost


###!!! [Child][MessageChannel] Error: (msgtype=0x610027,name=PNecko::Msg_RemoveRequestContext) Channel closing: too late to send/recv, messages will be lost


###!!! [Child][MessageChannel] Error: (msgtype=0x610027,name=PNecko::Msg_RemoveRequestContext) Channel closing: too late to send/recv, messages will be lost


###!!! [Child][MessageChannel] Error: (msgtype=0x610027,name=PNecko::Msg_RemoveRequestContext) Channel closing: too late to send/recv, messages will be lost


###!!! [Child][MessageChannel] Error: (msgtype=0x610027,name=PNecko::Msg_RemoveRequestContext) Channel closing: too late to send/recv, messages will be lost


###!!! [Child][MessageChannel] Error: (msgtype=0x610027,name=PNecko::Msg_RemoveRequestContext) Channel closing: too late to send/recv, messages will be lost


###!!! [Child][MessageChannel] Error: (msgtype=0x610027,name=PNecko::Msg_RemoveRequestContext) Channel closing: too late to send/recv, messages will be lost

[Child 4583, Chrome_ChildThread] WARNING: pipe error (3): Połączenie zerwane przez drugą stronę: file /build/firefox-gS7uvX/firefox-69.0+build2/ipc/chromium/src/chrome/common/ipc_channel_posix.cc, line 358

###!!! [Child][MessageChannel] Error: (msgtype=0x54000E,name=PHttpChannel::Msg_DeletingChannel) Channel closing: too late to send/recv, messages will be lost


###!!! [Child][MessageChannel] Error: (msgtype=0x54000E,name=PHttpChannel::Msg_DeletingChannel) Channel closing: too late to send/recv, messages will be lost

1568988777947	mozrunner::runner	INFO	Running command: "/usr/bin/firefox" "-marionette" "-headless" "-foreground" "-no-remote" "-profile" "/tmp/rust_mozprofile.wNTb7qQTIFGl"
*** You are running in headless mode.
1568988778620	addons.webextension.screenshots@mozilla.org	WARN	Loading extension 'screenshots@mozilla.org': Reading manifest: Invalid extension permission: mozillaAddons
1568988778620	addons.webextension.screenshots@mozilla.org	WARN	Loading extension 'screenshots@mozilla.org': Reading manifest: Invalid extension permission: telemetry
1568988778621	addons.webextension.screenshots@mozilla.org	WARN	Loading extension 'screenshots@mozilla.org': Reading manifest: Invalid extension permission: resource://pdf.js/
1568988778621	addons.webextension.screenshots@mozilla.org	WARN	Loading extension 'screenshots@mozilla.org': Reading manifest: Invalid extension permission: about:reader*
1568988781282	Marionette	INFO	Listening on port 45195
1568988781368	Marionette	WARN	TLS certificate errors will be ignored for this session
1568988798437	Marionette	INFO	Stopped listening on port 45195
1568988849662	mozrunner::runner	INFO	Running command: "/usr/bin/firefox" "-marionette" "-headless" "-foreground" "-no-remote" "-profile" "/tmp/rust_mozprofile.bRv4emUOWDiT"
*** You are running in headless mode.
1568988850303	addons.webextension.screenshots@mozilla.org	WARN	Loading extension 'screenshots@mozilla.org': Reading manifest: Invalid extension permission: mozillaAddons
1568988850303	addons.webextension.screenshots@mozilla.org	WARN	Loading extension 'screenshots@mozilla.org': Reading manifest: Invalid extension permission: telemetry
1568988850304	addons.webextension.screenshots@mozilla.org	WARN	Loading extension 'screenshots@mozilla.org': Reading manifest: Invalid extension permission: resource://pdf.js/
1568988850304	addons.webextension.screenshots@mozilla.org	WARN	Loading extension 'screenshots@mozilla.org': Reading manifest: Invalid extension permission: about:reader*
1568988853108	Marionette	INFO	Listening on port 44939
1568988853178	Marionette	WARN	TLS certificate errors will be ignored for this session
1568988869353	Marionette	INFO	Stopped listening on port 44939
JavaScript error: https://jakdojade.pl/polyfills.c7d9f5807dc300922eaa.js, line 1: NS_ERROR_NOT_INITIALIZED: 
1569230120897	mozrunner::runner	INFO	Running command: "/usr/bin/firefox" "-marionette" "-headless" "-foreground" "-no-remote" "-profile" "/tmp/rust_mozprofile.LNDJ7Pi2Mjbh"
*** You are running in headless mode.
1569230121557	addons.webextension.screenshots@mozilla.org	WARN	Loading extension 'screenshots@mozilla.org': Reading manifest: Invalid extension permission: mozillaAddons
1569230121557	addons.webextension.screenshots@mozilla.org	WARN	Loading extension 'screenshots@mozilla.org': Reading manifest: Invalid extension permission: telemetry
1569230121558	addons.webextension.screenshots@mozilla.org	WARN	Loading extension 'screenshots@mozilla.org': Reading manifest: Invalid extension permission: resource://pdf.js/
1569230121558	addons.webextension.screenshots@mozilla.org	WARN	Loading extension 'screenshots@mozilla.org': Reading manifest: Invalid extension permission: about:reader*
1569230124399	Marionette	INFO	Listening on port 39307
1569230124421	Marionette	WARN	TLS certificate errors will be ignored for this session
JavaScript error: https://ocdn.eu/adp/prebid/prod/prebid.js, line 3: NS_ERROR_NOT_INITIALIZED: 
1569230143140	Marionette	INFO	Stopped listening on port 39307
